This is pdfTeX, Version 3.14159265-2.6-1.40.18 (TeX Live 2017/Debian) (preloaded format=pdflatex 2019.8.12)  19 OCT 2019 11:58
entering extended mode
 restricted \write18 enabled.
 %&-line parsing enabled.
**TCC.tex
(./TCC.tex
LaTeX2e <2017-04-15>
Babel <3.18> and hyphenation patterns for 8 language(s) loaded.
(./ufpa-fem-abntex2.cls

LaTeX Warning: You have requested document class `ufpa-fem-abntex2',
               but the document class provides `configuracoes/ufpa-ppgem-abntex
2'.

Document Class: configuracoes/ufpa-ppgem-abntex2 2019/01/07 v1.0

! LaTeX Error: File `abntex2.cls' not found.

Type X to quit or <RETURN> to proceed,
or enter new name. (Default extension: cls)

Enter file name: 
! Emergency stop.
<read *> 
         
l.48 ^^M
        
*** (cannot \read from terminal in nonstop modes)

 
Here is how much of TeX's memory you used:
 17 strings out of 494830
 316 string characters out of 6178379
 46970 words of memory out of 5000000
 3441 multiletter control sequences out of 15000+600000
 3640 words of font info for 14 fonts, out of 8000000 for 9000
 61 hyphenation exceptions out of 8191
 17i,0n,17p,126b,10s stack positions out of 5000i,500n,10000p,200000b,80000s
!  ==> Fatal error occurred, no output PDF file produced!
